\BOOKMARK [0][-]{chapter*.1}{Resumo}{}% 1
\BOOKMARK [0][-]{chapter*.3}{Abstract}{}% 2
\BOOKMARK [0][-]{section*.4}{Agradecimentos}{}% 3
\BOOKMARK [0][-]{section*.5}{\315ndice}{}% 4
\BOOKMARK [0][-]{section*.6}{\315ndice de Figuras}{}% 5
\BOOKMARK [0][-]{section*.7}{\315ndice de Tabelas}{}% 6
\BOOKMARK [0][-]{section*.8}{\315ndice de Listagens}{}% 7
\BOOKMARK [0][-]{chapter.1}{1 Introdu\347\343o}{}% 8
\BOOKMARK [1][-]{section.1.1}{1.1 An\341lise do estado da arte}{chapter.1}% 9
\BOOKMARK [0][-]{chapter.2}{2 An\341lise do problema}{}% 10
\BOOKMARK [1][-]{section.2.1}{2.1 As 11 quest\365es da an\341lise de tarefas}{chapter.2}% 11
\BOOKMARK [2][-]{subsection.2.1.1}{2.1.1 Quem vai utilizar o sistema?}{section.2.1}% 12
\BOOKMARK [2][-]{subsection.2.1.2}{2.1.2 Que tarefas executam actualmente?}{section.2.1}% 13
\BOOKMARK [2][-]{subsection.2.1.3}{2.1.3 Que tarefas s\343o desej\341veis?}{section.2.1}% 14
\BOOKMARK [2][-]{subsection.2.1.4}{2.1.4 Como se aprendem as tarefas?}{section.2.1}% 15
\BOOKMARK [2][-]{subsection.2.1.5}{2.1.5 Onde s\343o desempenhadas as tarefas?}{section.2.1}% 16
\BOOKMARK [2][-]{subsection.2.1.6}{2.1.6 Quais s\343o as rela\347\365es entre utilizadores e informa\347\365es?}{section.2.1}% 17
\BOOKMARK [2][-]{subsection.2.1.7}{2.1.7 Que outros instrumentos tem o utilizador?}{section.2.1}% 18
\BOOKMARK [2][-]{subsection.2.1.8}{2.1.8 Como comunica os utilizadores entre si?}{section.2.1}% 19
\BOOKMARK [2][-]{subsection.2.1.9}{2.1.9 Qual a frequ\352ncia de desempenho de tarefas?}{section.2.1}% 20
\BOOKMARK [2][-]{subsection.2.1.10}{2.1.10 Quais as restri\347\365es de tempo impostas?}{section.2.1}% 21
\BOOKMARK [2][-]{subsection.2.1.11}{2.1.11 Que acontece se algo corre mal?}{section.2.1}% 22
\BOOKMARK [1][-]{section.2.2}{2.2 Cen\341rios do problema}{chapter.2}% 23
\BOOKMARK [2][-]{subsection.2.2.1}{2.2.1 Cen\341rio de problema para a tarefa 1 \205 Reportar uma situa\347\343o de emerg\352ncia, atrav\351s do bot\343o de p\342nico}{section.2.2}% 24
\BOOKMARK [2][-]{subsection.2.2.2}{2.2.2 Cen\341rio de problema para a tarefa 2 \205 Detectar uma potencial queda do utilizador}{section.2.2}% 25
\BOOKMARK [2][-]{subsection.2.2.3}{2.2.3 Cen\341rio de problema para a tarefa 3 \205 Monitorizar e detectar per\355odos de imobiliza\347\343o prolongados}{section.2.2}% 26
\BOOKMARK [2][-]{subsection.2.2.4}{2.2.4 Cen\341rio de problema para a tarefa 4 \205 Reportar uma falsa detec\347\343o de situa\347\343o de emerg\352ncia}{section.2.2}% 27
\BOOKMARK [1][-]{section.2.3}{2.3 Caracteriza\347\343o dos actores}{chapter.2}% 28
\BOOKMARK [1][-]{section.2.4}{2.4 Caracteriza\347\343o das tarefas}{chapter.2}% 29
\BOOKMARK [1][-]{section.2.5}{2.5 Diagramas de casos de uso}{chapter.2}% 30
\BOOKMARK [1][-]{section.2.6}{2.6 Especifica\347\343o dos casos de uso}{chapter.2}% 31
\BOOKMARK [1][-]{section.2.7}{2.7 Requisitos}{chapter.2}% 32
\BOOKMARK [2][-]{subsection.2.7.1}{2.7.1 Requisitos funcionais}{section.2.7}% 33
\BOOKMARK [2][-]{subsection.2.7.2}{2.7.2 Requisitos n\343o funcionais}{section.2.7}% 34
\BOOKMARK [2][-]{subsection.2.7.3}{2.7.3 Requisitos de desenvolvimento}{section.2.7}% 35
\BOOKMARK [0][-]{chapter.3}{3 Desenho do sistema}{}% 36
\BOOKMARK [1][-]{section.3.1}{3.1 Modela\347\343o de interfaces}{chapter.3}% 37
\BOOKMARK [2][-]{subsection.3.1.1}{3.1.1 Storyboard de navega\347\343o}{section.3.1}% 38
\BOOKMARK [1][-]{section.3.2}{3.2 Modela\347\343o da base de dados}{chapter.3}% 39
\BOOKMARK [2][-]{subsection.3.2.1}{3.2.1 Modelo Entidade-Rela\347\343o}{section.3.2}% 40
\BOOKMARK [2][-]{subsection.3.2.2}{3.2.2 Modelo F\355sico}{section.3.2}% 41
\BOOKMARK [1][-]{section.3.3}{3.3 Modela\347\343o UML}{chapter.3}% 42
\BOOKMARK [2][-]{subsection.3.3.1}{3.3.1 Diagrama de classes}{section.3.3}% 43
\BOOKMARK [2][-]{subsection.3.3.2}{3.3.2 Diagrama de sequ\352ncia}{section.3.3}% 44
\BOOKMARK [2][-]{subsection.3.3.3}{3.3.3 Cen\341rio 'gerar homepage do portal'}{section.3.3}% 45
\BOOKMARK [2][-]{subsection.3.3.4}{3.3.4 Cen\341rio 'adicionar piquete'}{section.3.3}% 46
\BOOKMARK [2][-]{subsection.3.3.5}{3.3.5 Cen\341rio 'detec\347\343o de queda'}{section.3.3}% 47
\BOOKMARK [0][-]{chapter.4}{4 teste com utilizadores}{}% 48
\BOOKMARK [0][-]{chapter.5}{5 Implementa\347\343o}{}% 49
\BOOKMARK [0][-]{chapter*.14}{Bibliografia}{}% 50
\BOOKMARK [0][-]{section*.15}{Ap\352ndices}{}% 51
\BOOKMARK [0][-]{appendix.A}{I T\355tulo do Ap\352ndice I}{}% 52
\BOOKMARK [0][-]{section*.16}{Anexos}{}% 53
\BOOKMARK [0][-]{appendix.A}{I T\355tulo do Anexo I}{}% 54
